Moderator Log
(1714334880) - GAME: 2
(1714334880) - 
moderator listener thread started
(1714334884) - player0 connected
(1714334889) - player2 connected
(1714334892) - player1 connected
(1714334925) - roles assigned
(1714334925) - group chat thread started
(1714334925) - 
Begin.
(1714334925) - There are 2 wolves, and 1 townspeople.
(1714334925) - 


(1714334925) - **************************************************
(1714334925) - *********************ROUND 1**********************
(1714334925) - ***************3 players remain.******************
(1714334925) - **************************************************
(1714334925) - Townspeople: ['player0', 'player2', 'player1']
(1714334925) - Werewolves: ['player2', 'player1']
(1714334925) - Witch: ['player0']
(1714334925) - Night falls and the town sleeps.  Everyone close your eyes
(1714334925) - Werewolves, open your eyes.
(1714334926) - Werewolves, ['player2', 'player1'], you must choose a victim.  You have 10 seconds to discuss.  Possible victims are ['player0', 'player1', 'player2']
(1714334936) - Werewolves, vote.
(1714334936) - Werewolves, you must vote on a victim to eat.  You have 45 seconds to vote.  Valid votes are ['player0', 'player1', 'player2'].
(1714334942) - player1 voted for player0
(1714334942) - player1 voted.
(1714334942) - Wolf vote received.
(1714334947) - player2 voted for player0
(1714334947) - player2 voted.
(1714334947) - Wolf vote received.
(1714334948) - {'player0': 2}
(1714334948) - Werewolves, go to sleep.
(1714334948) - Werewolves, you selected to eat player0
(1714334948) - Witch, open your eyes.
(1714334948) - The witch is now voting...
(1714334957) - player0 voted for Pass
(1714334957) - Witch voted
(1714334957) - {'Pass': 1}
(1714334957) - Witch passed
(1714334957) - Witch, close your eyes
(1714334957) - The werewolves ate player0!
(1714334957) - player2-wolf killed.
(1714334957) - player1-wolf killed.
(1714334957) - player0-witch killed
(1714334957) - These are player0s last words.
(1714334961) - player0-nooo
(1714334968) - Werewolves win
(1714334968) - close
(1714334968) - End
